<?xml version="1.0" encoding="UTF-8"?>
<!-- Generated by org.testng.reporters.JUnitReportReporter -->
<testsuite hostname="TNBVPLD00005" failures="0" tests="1" name="testCases.LoginTest" time="14.532" errors="0" timestamp="2025-03-20T10:08:50 IST" skipped="0">
  <testcase classname="testCases.LoginTest" name="loginTest" time="14.532"/>
</testsuite> <!-- testCases.LoginTest -->
