<?xml version="1.0" encoding="UTF-8"?>
<!-- Generated by org.testng.reporters.JUnitReportReporter -->
<testsuite hostname="TNBVPLD00005" failures="0" tests="1" name="testCases.Mainmaster_hoidayTest" time="16.156" errors="0" timestamp="2025-03-15T16:36:23 IST" skipped="0">
  <testcase classname="testCases.Mainmaster_hoidayTest" name="validateTheHoliBtnTest" time="16.156"/>
  <system-out/>
</testsuite> <!-- testCases.Mainmaster_hoidayTest -->
