<?xml version="1.0" encoding="UTF-8"?>
<!-- Generated by org.testng.reporters.JUnitReportReporter -->
<testsuite hostname="TNBVPLD00005" failures="0" tests="1" name="testCases.HolidayTest" time="14.913" errors="0" timestamp="2025-03-15T11:23:28 IST" skipped="0">
  <testcase classname="testCases.HolidayTest" name="HolidayCreationTest" time="14.913"/>
  <system-out/>
</testsuite> <!-- testCases.HolidayTest -->
