<?xml version="1.0" encoding="UTF-8"?>
<!-- Generated by org.testng.reporters.JUnitReportReporter -->
<testsuite hostname="TNBVPLD00005" failures="0" tests="1" name="testCases.HolidayTest" time="12.390" errors="0" timestamp="2025-03-14T14:43:35 IST" skipped="0">
  <testcase classname="testCases.HolidayTest" name="HolidayCreationTest" time="12.390"/>
  <system-out/>
</testsuite> <!-- testCases.HolidayTest -->
