<?xml version="1.0" encoding="UTF-8"?>
<!-- Generated by org.testng.reporters.JUnitReportReporter -->
<testsuite hostname="TNBVPLL00020" failures="0" tests="1" name="testCases.LoginTestCase" time="0.099" errors="0" timestamp="2024-07-01T18:02:53 IST" skipped="0">
  <testcase classname="testCases.LoginTestCase" name="LoginApp" time="0.099"/>
  <system-out/>
</testsuite> <!-- testCases.LoginTestCase -->
