<?xml version="1.0" encoding="UTF-8"?>
<!-- Generated by org.testng.reporters.JUnitReportReporter -->
<testsuite hostname="TNBVPLD00005" failures="0" tests="1" name="testCases.Mainmaster_hoidayTest" time="16.187" errors="0" timestamp="2025-03-14T10:40:32 IST" skipped="0">
  <testcase classname="testCases.Mainmaster_hoidayTest" name="validateTheHoliBtn" time="16.187"/>
  <system-out/>
</testsuite> <!-- testCases.Mainmaster_hoidayTest -->
