<?xml version="1.0" encoding="UTF-8"?>
<!-- Generated by org.testng.reporters.JUnitReportReporter -->
<testsuite hostname="TNBVPLD00005" failures="0" tests="1" name="testCases.EmailConfigurationTest" time="15.537" errors="0" timestamp="2025-03-20T12:19:07 IST" skipped="0">
  <testcase classname="testCases.EmailConfigurationTest" name="emailcreationTest" time="15.537"/>
</testsuite> <!-- testCases.EmailConfigurationTest -->
