<?xml version="1.0" encoding="UTF-8"?>
<!-- Generated by org.testng.reporters.JUnitReportReporter -->
<testsuite hostname="TNBVPLL00020" failures="0" tests="1" name="page_objects.LetsTry" time="16.607" errors="0" timestamp="2024-07-25T10:38:48 IST" skipped="0">
  <testcase classname="page_objects.LetsTry" name="login" time="16.607"/>
  <system-out/>
</testsuite> <!-- page_objects.LetsTry -->
