<?xml version="1.0" encoding="UTF-8"?>
<!-- Generated by org.testng.reporters.JUnitReportReporter -->
<testsuite hostname="TNBVPLL00020" failures="0" tests="1" name="baseClass.BaseClass" time="11.007" errors="0" timestamp="2024-05-29T16:27:07 IST" skipped="0">
  <testcase classname="baseClass.BaseClass" name="launchApp" time="11.007"/>
  <system-out/>
</testsuite> <!-- baseClass.BaseClass -->
