<?xml version="1.0" encoding="UTF-8"?>
<!-- Generated by org.testng.reporters.JUnitReportReporter -->
<testsuite hostname="TNBVPLD00005" failures="0" tests="1" name="testCases.LoginTest" time="13.720" errors="0" timestamp="2025-03-20T15:36:08 IST" skipped="0">
  <testcase classname="testCases.LoginTest" name="loginTest" time="13.720"/>
</testsuite> <!-- testCases.LoginTest -->
