<?xml version="1.0" encoding="UTF-8"?>
<!-- Generated by org.testng.reporters.JUnitReportReporter -->
<testsuite hostname="TNBVPLD00005" failures="0" tests="1" name="testCases.LoginTest" time="5.539" errors="0" timestamp="2025-03-12T16:30:26 IST" skipped="0">
  <testcase classname="testCases.LoginTest" name="loginTest" time="5.539"/>
</testsuite> <!-- testCases.LoginTest -->
