<?xml version="1.0" encoding="UTF-8"?>
<!-- Generated by org.testng.reporters.JUnitReportReporter -->
<testsuite hostname="TNBVPLD00005" failures="0" tests="2" name="testCases.LoginTest" time="32.686" errors="0" timestamp="2025-03-20T12:43:03 IST" skipped="0">
  <testcase classname="testCases.LoginTest" name="loginTest" time="13.518"/>
  <testcase classname="testCases.LoginTest" name="loginTest" time="19.168"/>
</testsuite> <!-- testCases.LoginTest -->
