<?xml version="1.0" encoding="UTF-8"?>
<!-- Generated by org.testng.reporters.JUnitReportReporter -->
<testsuite hostname="TNBVPLD00005" failures="0" tests="1" name="testCases.EmailConfigurationTest" time="30.522" errors="0" timestamp="2025-03-21T12:39:29 IST" skipped="0">
  <testcase classname="testCases.EmailConfigurationTest" name="emailcreationTest" time="30.522"/>
</testsuite> <!-- testCases.EmailConfigurationTest -->
